Vivado Simulator 2018.3
Time resolution is 1 ps
Stopped at time : 1050 ns : File "C:/Users/Alex/OneDrive - Politecnico di Milano/Università/PoliDesk/Progetto Reti Logiche/tb_pfrl_2020_no_wz.vhd" Line 66
Stopped at time : 1050 ns : File "C:/Users/Alex/OneDrive - Politecnico di Milano/Università/PoliDesk/Progetto Reti Logiche/tb_pfrl_2020_no_wz.vhd" Line 65
Stopped at time : 1050 ns : File "C:/Documenti/GitHub/project_reti_logiche/project/project.srcs/sources_1/new/project_reti_logiche_2.vhd" Line 68
Stopped at time : 1050 ns : File "C:/Users/Alex/OneDrive - Politecnico di Milano/Università/PoliDesk/Progetto Reti Logiche/tb_pfrl_2020_no_wz.vhd" Line 66
Stopped at time : 1050 ns : File "C:/Users/Alex/OneDrive - Politecnico di Milano/Università/PoliDesk/Progetto Reti Logiche/tb_pfrl_2020_no_wz.vhd" Line 65
Stopped at time : 1050 ns : File "C:/Documenti/GitHub/project_reti_logiche/project/project.srcs/sources_1/new/project_reti_logiche_2.vhd" Line 68
Stopped at time : 1550 ns : File "C:/Users/Alex/OneDrive - Politecnico di Milano/Università/PoliDesk/Progetto Reti Logiche/tb_pfrl_2020_no_wz.vhd" Line 66
Stopped at time : 1550 ns : File "C:/Users/Alex/OneDrive - Politecnico di Milano/Università/PoliDesk/Progetto Reti Logiche/tb_pfrl_2020_no_wz.vhd" Line 65
Stopped at time : 1550 ns : File "C:/Documenti/GitHub/project_reti_logiche/project/project.srcs/sources_1/new/project_reti_logiche_2.vhd" Line 68
Stopped at time : 1550 ns : File "C:/Documenti/GitHub/project_reti_logiche/project/project.srcs/sources_1/new/project_reti_logiche_2.vhd" Line 69
Stopped at time : 1550 ns : File "C:/Documenti/GitHub/project_reti_logiche/project/project.srcs/sources_1/new/project_reti_logiche_2.vhd" Line 78
Stopped at time : 1550 ns : File "C:/Documenti/GitHub/project_reti_logiche/project/project.srcs/sources_1/new/project_reti_logiche_2.vhd" Line 96
Stopped at time : 1550 ns : File "C:/Documenti/GitHub/project_reti_logiche/project/project.srcs/sources_1/new/project_reti_logiche_2.vhd" Line 97
Stopped at time : 1550 ns : File "C:/Documenti/GitHub/project_reti_logiche/project/project.srcs/sources_1/new/project_reti_logiche_2.vhd" Line 111
Stopped at time : 1550 ns : File "C:/Documenti/GitHub/project_reti_logiche/project/project.srcs/sources_1/new/project_reti_logiche_2.vhd" Line 147
Stopped at time : 1550 ns : File "C:/Documenti/GitHub/project_reti_logiche/project/project.srcs/sources_1/new/project_reti_logiche_2.vhd" Line 148
Stopped at time : 1550 ns : File "C:/Documenti/GitHub/project_reti_logiche/project/project.srcs/sources_1/new/project_reti_logiche_2.vhd" Line 149
Stopped at time : 1550 ns : File "C:/Users/Alex/OneDrive - Politecnico di Milano/Università/PoliDesk/Progetto Reti Logiche/tb_pfrl_2020_no_wz.vhd" Line 72
Stopped at time : 1550 ns : File "C:/Users/Alex/OneDrive - Politecnico di Milano/Università/PoliDesk/Progetto Reti Logiche/tb_pfrl_2020_no_wz.vhd" Line 73
Stopped at time : 1550 ns : File "C:/Users/Alex/OneDrive - Politecnico di Milano/Università/PoliDesk/Progetto Reti Logiche/tb_pfrl_2020_no_wz.vhd" Line 74
Stopped at time : 1550 ns : File "C:/Users/Alex/OneDrive - Politecnico di Milano/Università/PoliDesk/Progetto Reti Logiche/tb_pfrl_2020_no_wz.vhd" Line 78
Stopped at time : 1550 ns : File "C:/Documenti/GitHub/project_reti_logiche/project/project.srcs/sources_1/new/project_reti_logiche_2.vhd" Line 68
Stopped at time : 1600 ns : File "C:/Users/Alex/OneDrive - Politecnico di Milano/Università/PoliDesk/Progetto Reti Logiche/tb_pfrl_2020_no_wz.vhd" Line 66
Stopped at time : 1600 ns : File "C:/Users/Alex/OneDrive - Politecnico di Milano/Università/PoliDesk/Progetto Reti Logiche/tb_pfrl_2020_no_wz.vhd" Line 65
Stopped at time : 1600 ns : File "C:/Documenti/GitHub/project_reti_logiche/project/project.srcs/sources_1/new/project_reti_logiche_2.vhd" Line 68
Stopped at time : 1600 ns : File "C:/Documenti/GitHub/project_reti_logiche/project/project.srcs/sources_1/new/project_reti_logiche_2.vhd" Line 96
Stopped at time : 1600 ns : File "C:/Users/Alex/OneDrive - Politecnico di Milano/Università/PoliDesk/Progetto Reti Logiche/tb_pfrl_2020_no_wz.vhd" Line 72
Stopped at time : 1650 ns : File "C:/Users/Alex/OneDrive - Politecnico di Milano/Università/PoliDesk/Progetto Reti Logiche/tb_pfrl_2020_no_wz.vhd" Line 66
Stopped at time : 1650 ns : File "C:/Users/Alex/OneDrive - Politecnico di Milano/Università/PoliDesk/Progetto Reti Logiche/tb_pfrl_2020_no_wz.vhd" Line 65
Stopped at time : 1650 ns : File "C:/Documenti/GitHub/project_reti_logiche/project/project.srcs/sources_1/new/project_reti_logiche_2.vhd" Line 68
Stopped at time : 1650 ns : File "C:/Documenti/GitHub/project_reti_logiche/project/project.srcs/sources_1/new/project_reti_logiche_2.vhd" Line 69
Stopped at time : 1650 ns : File "C:/Documenti/GitHub/project_reti_logiche/project/project.srcs/sources_1/new/project_reti_logiche_2.vhd" Line 78
Stopped at time : 1650 ns : File "C:/Documenti/GitHub/project_reti_logiche/project/project.srcs/sources_1/new/project_reti_logiche_2.vhd" Line 81
Stopped at time : 1650 ns : File "C:/Documenti/GitHub/project_reti_logiche/project/project.srcs/sources_1/new/project_reti_logiche_2.vhd" Line 82
Stopped at time : 1650 ns : File "C:/Documenti/GitHub/project_reti_logiche/project/project.srcs/sources_1/new/project_reti_logiche_2.vhd" Line 83
Stopped at time : 1650 ns : File "C:/Documenti/GitHub/project_reti_logiche/project/project.srcs/sources_1/new/project_reti_logiche_2.vhd" Line 84
Stopped at time : 1650 ns : File "C:/Documenti/GitHub/project_reti_logiche/project/project.srcs/sources_1/new/project_reti_logiche_2.vhd" Line 85
Stopped at time : 1650 ns : File "C:/Documenti/GitHub/project_reti_logiche/project/project.srcs/sources_1/new/project_reti_logiche_2.vhd" Line 96
Stopped at time : 1650 ns : File "C:/Documenti/GitHub/project_reti_logiche/project/project.srcs/sources_1/new/project_reti_logiche_2.vhd" Line 97
Stopped at time : 1650 ns : File "C:/Documenti/GitHub/project_reti_logiche/project/project.srcs/sources_1/new/project_reti_logiche_2.vhd" Line 111
Stopped at time : 1650 ns : File "C:/Documenti/GitHub/project_reti_logiche/project/project.srcs/sources_1/new/project_reti_logiche_2.vhd" Line 113
Stopped at time : 1650 ns : File "C:/Documenti/GitHub/project_reti_logiche/project/project.srcs/sources_1/new/project_reti_logiche_2.vhd" Line 114
Stopped at time : 1650 ns : File "C:/Users/Alex/OneDrive - Politecnico di Milano/Università/PoliDesk/Progetto Reti Logiche/tb_pfrl_2020_no_wz.vhd" Line 72
Stopped at time : 1650 ns : File "C:/Users/Alex/OneDrive - Politecnico di Milano/Università/PoliDesk/Progetto Reti Logiche/tb_pfrl_2020_no_wz.vhd" Line 73
Stopped at time : 1650 ns : File "C:/Users/Alex/OneDrive - Politecnico di Milano/Università/PoliDesk/Progetto Reti Logiche/tb_pfrl_2020_no_wz.vhd" Line 74
Stopped at time : 1650 ns : File "C:/Users/Alex/OneDrive - Politecnico di Milano/Università/PoliDesk/Progetto Reti Logiche/tb_pfrl_2020_no_wz.vhd" Line 78
Stopped at time : 1650 ns : File "C:/Documenti/GitHub/project_reti_logiche/project/project.srcs/sources_1/new/project_reti_logiche_2.vhd" Line 96
Stopped at time : 1700 ns : File "C:/Users/Alex/OneDrive - Politecnico di Milano/Università/PoliDesk/Progetto Reti Logiche/tb_pfrl_2020_no_wz.vhd" Line 66
Stopped at time : 1700 ns : File "C:/Users/Alex/OneDrive - Politecnico di Milano/Università/PoliDesk/Progetto Reti Logiche/tb_pfrl_2020_no_wz.vhd" Line 65
Stopped at time : 1700 ns : File "C:/Documenti/GitHub/project_reti_logiche/project/project.srcs/sources_1/new/project_reti_logiche_2.vhd" Line 68
Stopped at time : 1700 ns : File "C:/Documenti/GitHub/project_reti_logiche/project/project.srcs/sources_1/new/project_reti_logiche_2.vhd" Line 96
Stopped at time : 1700 ns : File "C:/Users/Alex/OneDrive - Politecnico di Milano/Università/PoliDesk/Progetto Reti Logiche/tb_pfrl_2020_no_wz.vhd" Line 72
Stopped at time : 1750 ns : File "C:/Users/Alex/OneDrive - Politecnico di Milano/Università/PoliDesk/Progetto Reti Logiche/tb_pfrl_2020_no_wz.vhd" Line 66
Stopped at time : 1750 ns : File "C:/Users/Alex/OneDrive - Politecnico di Milano/Università/PoliDesk/Progetto Reti Logiche/tb_pfrl_2020_no_wz.vhd" Line 65
Stopped at time : 1750 ns : File "C:/Documenti/GitHub/project_reti_logiche/project/project.srcs/sources_1/new/project_reti_logiche_2.vhd" Line 68
Stopped at time : 1750 ns : File "C:/Documenti/GitHub/project_reti_logiche/project/project.srcs/sources_1/new/project_reti_logiche_2.vhd" Line 69
Stopped at time : 1750 ns : File "C:/Documenti/GitHub/project_reti_logiche/project/project.srcs/sources_1/new/project_reti_logiche_2.vhd" Line 78
Stopped at time : 1750 ns : File "C:/Documenti/GitHub/project_reti_logiche/project/project.srcs/sources_1/new/project_reti_logiche_2.vhd" Line 96
Stopped at time : 1750 ns : File "C:/Documenti/GitHub/project_reti_logiche/project/project.srcs/sources_1/new/project_reti_logiche_2.vhd" Line 97
Stopped at time : 1750 ns : File "C:/Documenti/GitHub/project_reti_logiche/project/project.srcs/sources_1/new/project_reti_logiche_2.vhd" Line 162
Stopped at time : 1750 ns : File "C:/Documenti/GitHub/project_reti_logiche/project/project.srcs/sources_1/new/project_reti_logiche_2.vhd" Line 163
Stopped at time : 1750 ns : File "C:/Documenti/GitHub/project_reti_logiche/project/project.srcs/sources_1/new/project_reti_logiche_2.vhd" Line 165
Stopped at time : 1750 ns : File "C:/Documenti/GitHub/project_reti_logiche/project/project.srcs/sources_1/new/project_reti_logiche_2.vhd" Line 166
Stopped at time : 1750 ns : File "C:/Users/Alex/OneDrive - Politecnico di Milano/Università/PoliDesk/Progetto Reti Logiche/tb_pfrl_2020_no_wz.vhd" Line 72
Stopped at time : 1750 ns : File "C:/Users/Alex/OneDrive - Politecnico di Milano/Università/PoliDesk/Progetto Reti Logiche/tb_pfrl_2020_no_wz.vhd" Line 73
Stopped at time : 1750 ns : File "C:/Users/Alex/OneDrive - Politecnico di Milano/Università/PoliDesk/Progetto Reti Logiche/tb_pfrl_2020_no_wz.vhd" Line 74
Stopped at time : 1750 ns : File "C:/Users/Alex/OneDrive - Politecnico di Milano/Università/PoliDesk/Progetto Reti Logiche/tb_pfrl_2020_no_wz.vhd" Line 78
Stopped at time : 1750 ns : File "C:/Documenti/GitHub/project_reti_logiche/project/project.srcs/sources_1/new/project_reti_logiche_2.vhd" Line 68
Stopped at time : 1751 ns : File "C:/Documenti/GitHub/project_reti_logiche/project/project.srcs/sources_1/new/project_reti_logiche_2.vhd" Line 96
Stopped at time : 1800 ns : File "C:/Users/Alex/OneDrive - Politecnico di Milano/Università/PoliDesk/Progetto Reti Logiche/tb_pfrl_2020_no_wz.vhd" Line 66
Stopped at time : 1800 ns : File "C:/Users/Alex/OneDrive - Politecnico di Milano/Università/PoliDesk/Progetto Reti Logiche/tb_pfrl_2020_no_wz.vhd" Line 65
Stopped at time : 1800 ns : File "C:/Documenti/GitHub/project_reti_logiche/project/project.srcs/sources_1/new/project_reti_logiche_2.vhd" Line 68
Stopped at time : 1800 ns : File "C:/Documenti/GitHub/project_reti_logiche/project/project.srcs/sources_1/new/project_reti_logiche_2.vhd" Line 96
Stopped at time : 1800 ns : File "C:/Users/Alex/OneDrive - Politecnico di Milano/Università/PoliDesk/Progetto Reti Logiche/tb_pfrl_2020_no_wz.vhd" Line 72
Stopped at time : 1850 ns : File "C:/Users/Alex/OneDrive - Politecnico di Milano/Università/PoliDesk/Progetto Reti Logiche/tb_pfrl_2020_no_wz.vhd" Line 66
Stopped at time : 1850 ns : File "C:/Users/Alex/OneDrive - Politecnico di Milano/Università/PoliDesk/Progetto Reti Logiche/tb_pfrl_2020_no_wz.vhd" Line 65
Stopped at time : 1850 ns : File "C:/Documenti/GitHub/project_reti_logiche/project/project.srcs/sources_1/new/project_reti_logiche_2.vhd" Line 68
Stopped at time : 1850 ns : File "C:/Documenti/GitHub/project_reti_logiche/project/project.srcs/sources_1/new/project_reti_logiche_2.vhd" Line 69
Stopped at time : 1850 ns : File "C:/Documenti/GitHub/project_reti_logiche/project/project.srcs/sources_1/new/project_reti_logiche_2.vhd" Line 78
Stopped at time : 1850 ns : File "C:/Documenti/GitHub/project_reti_logiche/project/project.srcs/sources_1/new/project_reti_logiche_2.vhd" Line 81
Stopped at time : 1850 ns : File "C:/Documenti/GitHub/project_reti_logiche/project/project.srcs/sources_1/new/project_reti_logiche_2.vhd" Line 82
Stopped at time : 1850 ns : File "C:/Documenti/GitHub/project_reti_logiche/project/project.srcs/sources_1/new/project_reti_logiche_2.vhd" Line 83
Stopped at time : 1850 ns : File "C:/Documenti/GitHub/project_reti_logiche/project/project.srcs/sources_1/new/project_reti_logiche_2.vhd" Line 84
Stopped at time : 1850 ns : File "C:/Documenti/GitHub/project_reti_logiche/project/project.srcs/sources_1/new/project_reti_logiche_2.vhd" Line 85
Stopped at time : 1850 ns : File "C:/Documenti/GitHub/project_reti_logiche/project/project.srcs/sources_1/new/project_reti_logiche_2.vhd" Line 96
Stopped at time : 1850 ns : File "C:/Documenti/GitHub/project_reti_logiche/project/project.srcs/sources_1/new/project_reti_logiche_2.vhd" Line 97
Stopped at time : 1850 ns : File "C:/Documenti/GitHub/project_reti_logiche/project/project.srcs/sources_1/new/project_reti_logiche_2.vhd" Line 162
Stopped at time : 1850 ns : File "C:/Documenti/GitHub/project_reti_logiche/project/project.srcs/sources_1/new/project_reti_logiche_2.vhd" Line 163
Stopped at time : 1850 ns : File "C:/Documenti/GitHub/project_reti_logiche/project/project.srcs/sources_1/new/project_reti_logiche_2.vhd" Line 165
Stopped at time : 1850 ns : File "C:/Documenti/GitHub/project_reti_logiche/project/project.srcs/sources_1/new/project_reti_logiche_2.vhd" Line 166
Stopped at time : 1850 ns : File "C:/Users/Alex/OneDrive - Politecnico di Milano/Università/PoliDesk/Progetto Reti Logiche/tb_pfrl_2020_no_wz.vhd" Line 72
Stopped at time : 1850 ns : File "C:/Users/Alex/OneDrive - Politecnico di Milano/Università/PoliDesk/Progetto Reti Logiche/tb_pfrl_2020_no_wz.vhd" Line 73
Stopped at time : 1850 ns : File "C:/Users/Alex/OneDrive - Politecnico di Milano/Università/PoliDesk/Progetto Reti Logiche/tb_pfrl_2020_no_wz.vhd" Line 74
Stopped at time : 1850 ns : File "C:/Users/Alex/OneDrive - Politecnico di Milano/Università/PoliDesk/Progetto Reti Logiche/tb_pfrl_2020_no_wz.vhd" Line 78
Stopped at time : 1850 ns : File "C:/Documenti/GitHub/project_reti_logiche/project/project.srcs/sources_1/new/project_reti_logiche_2.vhd" Line 96
Stopped at time : 1851 ns : File "C:/Documenti/GitHub/project_reti_logiche/project/project.srcs/sources_1/new/project_reti_logiche_2.vhd" Line 96
Stopped at time : 1900 ns : File "C:/Users/Alex/OneDrive - Politecnico di Milano/Università/PoliDesk/Progetto Reti Logiche/tb_pfrl_2020_no_wz.vhd" Line 66
Stopped at time : 1900 ns : File "C:/Users/Alex/OneDrive - Politecnico di Milano/Università/PoliDesk/Progetto Reti Logiche/tb_pfrl_2020_no_wz.vhd" Line 65
Stopped at time : 1900 ns : File "C:/Documenti/GitHub/project_reti_logiche/project/project.srcs/sources_1/new/project_reti_logiche_2.vhd" Line 68
Stopped at time : 1900 ns : File "C:/Documenti/GitHub/project_reti_logiche/project/project.srcs/sources_1/new/project_reti_logiche_2.vhd" Line 96
Stopped at time : 1900 ns : File "C:/Users/Alex/OneDrive - Politecnico di Milano/Università/PoliDesk/Progetto Reti Logiche/tb_pfrl_2020_no_wz.vhd" Line 72
Stopped at time : 1950 ns : File "C:/Users/Alex/OneDrive - Politecnico di Milano/Università/PoliDesk/Progetto Reti Logiche/tb_pfrl_2020_no_wz.vhd" Line 66
Stopped at time : 1950 ns : File "C:/Users/Alex/OneDrive - Politecnico di Milano/Università/PoliDesk/Progetto Reti Logiche/tb_pfrl_2020_no_wz.vhd" Line 65
Stopped at time : 1950 ns : File "C:/Documenti/GitHub/project_reti_logiche/project/project.srcs/sources_1/new/project_reti_logiche_2.vhd" Line 68
Stopped at time : 1950 ns : File "C:/Documenti/GitHub/project_reti_logiche/project/project.srcs/sources_1/new/project_reti_logiche_2.vhd" Line 69
Stopped at time : 1950 ns : File "C:/Documenti/GitHub/project_reti_logiche/project/project.srcs/sources_1/new/project_reti_logiche_2.vhd" Line 78
Stopped at time : 1950 ns : File "C:/Documenti/GitHub/project_reti_logiche/project/project.srcs/sources_1/new/project_reti_logiche_2.vhd" Line 96
Stopped at time : 1950 ns : File "C:/Documenti/GitHub/project_reti_logiche/project/project.srcs/sources_1/new/project_reti_logiche_2.vhd" Line 97
Stopped at time : 1950 ns : File "C:/Documenti/GitHub/project_reti_logiche/project/project.srcs/sources_1/new/project_reti_logiche_2.vhd" Line 170
Stopped at time : 1950 ns : File "C:/Documenti/GitHub/project_reti_logiche/project/project.srcs/sources_1/new/project_reti_logiche_2.vhd" Line 171
Stopped at time : 1950 ns : File "C:/Documenti/GitHub/project_reti_logiche/project/project.srcs/sources_1/new/project_reti_logiche_2.vhd" Line 172
Stopped at time : 1950 ns : File "C:/Documenti/GitHub/project_reti_logiche/project/project.srcs/sources_1/new/project_reti_logiche_2.vhd" Line 173
Stopped at time : 1950 ns : File "C:/Users/Alex/OneDrive - Politecnico di Milano/Università/PoliDesk/Progetto Reti Logiche/tb_pfrl_2020_no_wz.vhd" Line 72
Stopped at time : 1950 ns : File "C:/Users/Alex/OneDrive - Politecnico di Milano/Università/PoliDesk/Progetto Reti Logiche/tb_pfrl_2020_no_wz.vhd" Line 73
Stopped at time : 1950 ns : File "C:/Users/Alex/OneDrive - Politecnico di Milano/Università/PoliDesk/Progetto Reti Logiche/tb_pfrl_2020_no_wz.vhd" Line 74
Stopped at time : 1950 ns : File "C:/Users/Alex/OneDrive - Politecnico di Milano/Università/PoliDesk/Progetto Reti Logiche/tb_pfrl_2020_no_wz.vhd" Line 75
Stopped at time : 1950 ns : File "C:/Users/Alex/OneDrive - Politecnico di Milano/Università/PoliDesk/Progetto Reti Logiche/tb_pfrl_2020_no_wz.vhd" Line 76
Stopped at time : 1950 ns : File "C:/Documenti/GitHub/project_reti_logiche/project/project.srcs/sources_1/new/project_reti_logiche_2.vhd" Line 68
Stopped at time : 1951 ns : File "C:/Documenti/GitHub/project_reti_logiche/project/project.srcs/sources_1/new/project_reti_logiche_2.vhd" Line 96
Stopped at time : 2 us : File "C:/Users/Alex/OneDrive - Politecnico di Milano/Università/PoliDesk/Progetto Reti Logiche/tb_pfrl_2020_no_wz.vhd" Line 66
Stopped at time : 2 us : File "C:/Users/Alex/OneDrive - Politecnico di Milano/Università/PoliDesk/Progetto Reti Logiche/tb_pfrl_2020_no_wz.vhd" Line 65
Stopped at time : 2 us : File "C:/Documenti/GitHub/project_reti_logiche/project/project.srcs/sources_1/new/project_reti_logiche_2.vhd" Line 68
Stopped at time : 2 us : File "C:/Documenti/GitHub/project_reti_logiche/project/project.srcs/sources_1/new/project_reti_logiche_2.vhd" Line 96
Stopped at time : 2 us : File "C:/Users/Alex/OneDrive - Politecnico di Milano/Università/PoliDesk/Progetto Reti Logiche/tb_pfrl_2020_no_wz.vhd" Line 72
Stopped at time : 2050 ns : File "C:/Users/Alex/OneDrive - Politecnico di Milano/Università/PoliDesk/Progetto Reti Logiche/tb_pfrl_2020_no_wz.vhd" Line 66
Stopped at time : 2050 ns : File "C:/Users/Alex/OneDrive - Politecnico di Milano/Università/PoliDesk/Progetto Reti Logiche/tb_pfrl_2020_no_wz.vhd" Line 65
Stopped at time : 2050 ns : File "C:/Documenti/GitHub/project_reti_logiche/project/project.srcs/sources_1/new/project_reti_logiche_2.vhd" Line 68
Stopped at time : 2050 ns : File "C:/Documenti/GitHub/project_reti_logiche/project/project.srcs/sources_1/new/project_reti_logiche_2.vhd" Line 69
Stopped at time : 2050 ns : File "C:/Documenti/GitHub/project_reti_logiche/project/project.srcs/sources_1/new/project_reti_logiche_2.vhd" Line 78
Stopped at time : 2050 ns : File "C:/Documenti/GitHub/project_reti_logiche/project/project.srcs/sources_1/new/project_reti_logiche_2.vhd" Line 81
Stopped at time : 2050 ns : File "C:/Documenti/GitHub/project_reti_logiche/project/project.srcs/sources_1/new/project_reti_logiche_2.vhd" Line 82
Stopped at time : 2050 ns : File "C:/Documenti/GitHub/project_reti_logiche/project/project.srcs/sources_1/new/project_reti_logiche_2.vhd" Line 83
Stopped at time : 2050 ns : File "C:/Documenti/GitHub/project_reti_logiche/project/project.srcs/sources_1/new/project_reti_logiche_2.vhd" Line 84
Stopped at time : 2050 ns : File "C:/Documenti/GitHub/project_reti_logiche/project/project.srcs/sources_1/new/project_reti_logiche_2.vhd" Line 85
Stopped at time : 2050 ns : File "C:/Documenti/GitHub/project_reti_logiche/project/project.srcs/sources_1/new/project_reti_logiche_2.vhd" Line 96
Stopped at time : 2050 ns : File "C:/Documenti/GitHub/project_reti_logiche/project/project.srcs/sources_1/new/project_reti_logiche_2.vhd" Line 97
Stopped at time : 2050 ns : File "C:/Documenti/GitHub/project_reti_logiche/project/project.srcs/sources_1/new/project_reti_logiche_2.vhd" Line 170
Stopped at time : 2050 ns : File "C:/Documenti/GitHub/project_reti_logiche/project/project.srcs/sources_1/new/project_reti_logiche_2.vhd" Line 171
Stopped at time : 2050 ns : File "C:/Documenti/GitHub/project_reti_logiche/project/project.srcs/sources_1/new/project_reti_logiche_2.vhd" Line 172
Stopped at time : 2050 ns : File "C:/Documenti/GitHub/project_reti_logiche/project/project.srcs/sources_1/new/project_reti_logiche_2.vhd" Line 173
Stopped at time : 2050 ns : File "C:/Users/Alex/OneDrive - Politecnico di Milano/Università/PoliDesk/Progetto Reti Logiche/tb_pfrl_2020_no_wz.vhd" Line 72
Stopped at time : 2050 ns : File "C:/Users/Alex/OneDrive - Politecnico di Milano/Università/PoliDesk/Progetto Reti Logiche/tb_pfrl_2020_no_wz.vhd" Line 73
Stopped at time : 2050 ns : File "C:/Users/Alex/OneDrive - Politecnico di Milano/Università/PoliDesk/Progetto Reti Logiche/tb_pfrl_2020_no_wz.vhd" Line 74
Stopped at time : 2050 ns : File "C:/Users/Alex/OneDrive - Politecnico di Milano/Università/PoliDesk/Progetto Reti Logiche/tb_pfrl_2020_no_wz.vhd" Line 75
Stopped at time : 2050 ns : File "C:/Users/Alex/OneDrive - Politecnico di Milano/Università/PoliDesk/Progetto Reti Logiche/tb_pfrl_2020_no_wz.vhd" Line 76
Stopped at time : 2050 ns : File "C:/Users/Alex/OneDrive - Politecnico di Milano/Università/PoliDesk/Progetto Reti Logiche/tb_pfrl_2020_no_wz.vhd" Line 96
Stopped at time : 2050 ns : File "C:/Documenti/GitHub/project_reti_logiche/project/project.srcs/sources_1/new/project_reti_logiche_2.vhd" Line 96
Stopped at time : 2100 ns : File "C:/Users/Alex/OneDrive - Politecnico di Milano/Università/PoliDesk/Progetto Reti Logiche/tb_pfrl_2020_no_wz.vhd" Line 66
Stopped at time : 2100 ns : File "C:/Users/Alex/OneDrive - Politecnico di Milano/Università/PoliDesk/Progetto Reti Logiche/tb_pfrl_2020_no_wz.vhd" Line 65
Stopped at time : 2100 ns : File "C:/Documenti/GitHub/project_reti_logiche/project/project.srcs/sources_1/new/project_reti_logiche_2.vhd" Line 68
Stopped at time : 2100 ns : File "C:/Documenti/GitHub/project_reti_logiche/project/project.srcs/sources_1/new/project_reti_logiche_2.vhd" Line 96
Stopped at time : 2100 ns : File "C:/Users/Alex/OneDrive - Politecnico di Milano/Università/PoliDesk/Progetto Reti Logiche/tb_pfrl_2020_no_wz.vhd" Line 72
Stopped at time : 2150 ns : File "C:/Users/Alex/OneDrive - Politecnico di Milano/Università/PoliDesk/Progetto Reti Logiche/tb_pfrl_2020_no_wz.vhd" Line 97
Stopped at time : 2150 ns : File "C:/Users/Alex/OneDrive - Politecnico di Milano/Università/PoliDesk/Progetto Reti Logiche/tb_pfrl_2020_no_wz.vhd" Line 98
Stopped at time : 2150 ns : File "C:/Users/Alex/OneDrive - Politecnico di Milano/Università/PoliDesk/Progetto Reti Logiche/tb_pfrl_2020_no_wz.vhd" Line 66
Stopped at time : 2150 ns : File "C:/Users/Alex/OneDrive - Politecnico di Milano/Università/PoliDesk/Progetto Reti Logiche/tb_pfrl_2020_no_wz.vhd" Line 65
Stopped at time : 2150 ns : File "C:/Documenti/GitHub/project_reti_logiche/project/project.srcs/sources_1/new/project_reti_logiche_2.vhd" Line 96
Stopped at time : 2150 ns : File "C:/Documenti/GitHub/project_reti_logiche/project/project.srcs/sources_1/new/project_reti_logiche_2.vhd" Line 97
Stopped at time : 2150 ns : File "C:/Documenti/GitHub/project_reti_logiche/project/project.srcs/sources_1/new/project_reti_logiche_2.vhd" Line 177
Stopped at time : 2150 ns : File "C:/Documenti/GitHub/project_reti_logiche/project/project.srcs/sources_1/new/project_reti_logiche_2.vhd" Line 178
Stopped at time : 2150 ns : File "C:/Documenti/GitHub/project_reti_logiche/project/project.srcs/sources_1/new/project_reti_logiche_2.vhd" Line 179
Stopped at time : 2150 ns : File "C:/Documenti/GitHub/project_reti_logiche/project/project.srcs/sources_1/new/project_reti_logiche_2.vhd" Line 68
Stopped at time : 2150 ns : File "C:/Documenti/GitHub/project_reti_logiche/project/project.srcs/sources_1/new/project_reti_logiche_2.vhd" Line 69
Stopped at time : 2150 ns : File "C:/Documenti/GitHub/project_reti_logiche/project/project.srcs/sources_1/new/project_reti_logiche_2.vhd" Line 78
Stopped at time : 2150 ns : File "C:/Users/Alex/OneDrive - Politecnico di Milano/Università/PoliDesk/Progetto Reti Logiche/tb_pfrl_2020_no_wz.vhd" Line 72
Stopped at time : 2150 ns : File "C:/Users/Alex/OneDrive - Politecnico di Milano/Università/PoliDesk/Progetto Reti Logiche/tb_pfrl_2020_no_wz.vhd" Line 73
Stopped at time : 2150 ns : File "C:/Documenti/GitHub/project_reti_logiche/project/project.srcs/sources_1/new/project_reti_logiche_2.vhd" Line 68
Stopped at time : 2200 ns : File "C:/Users/Alex/OneDrive - Politecnico di Milano/Università/PoliDesk/Progetto Reti Logiche/tb_pfrl_2020_no_wz.vhd" Line 66
Stopped at time : 2200 ns : File "C:/Users/Alex/OneDrive - Politecnico di Milano/Università/PoliDesk/Progetto Reti Logiche/tb_pfrl_2020_no_wz.vhd" Line 65
Stopped at time : 2200 ns : File "C:/Documenti/GitHub/project_reti_logiche/project/project.srcs/sources_1/new/project_reti_logiche_2.vhd" Line 68
Stopped at time : 2200 ns : File "C:/Documenti/GitHub/project_reti_logiche/project/project.srcs/sources_1/new/project_reti_logiche_2.vhd" Line 96
Stopped at time : 2200 ns : File "C:/Users/Alex/OneDrive - Politecnico di Milano/Università/PoliDesk/Progetto Reti Logiche/tb_pfrl_2020_no_wz.vhd" Line 72
Stopped at time : 2250 ns : File "C:/Users/Alex/OneDrive - Politecnico di Milano/Università/PoliDesk/Progetto Reti Logiche/tb_pfrl_2020_no_wz.vhd" Line 66
Stopped at time : 2250 ns : File "C:/Users/Alex/OneDrive - Politecnico di Milano/Università/PoliDesk/Progetto Reti Logiche/tb_pfrl_2020_no_wz.vhd" Line 65
Stopped at time : 2250 ns : File "C:/Documenti/GitHub/project_reti_logiche/project/project.srcs/sources_1/new/project_reti_logiche_2.vhd" Line 68
Stopped at time : 2250 ns : File "C:/Documenti/GitHub/project_reti_logiche/project/project.srcs/sources_1/new/project_reti_logiche_2.vhd" Line 69
Stopped at time : 2250 ns : File "C:/Documenti/GitHub/project_reti_logiche/project/project.srcs/sources_1/new/project_reti_logiche_2.vhd" Line 78
Stopped at time : 2250 ns : File "C:/Documenti/GitHub/project_reti_logiche/project/project.srcs/sources_1/new/project_reti_logiche_2.vhd" Line 81
Stopped at time : 2250 ns : File "C:/Documenti/GitHub/project_reti_logiche/project/project.srcs/sources_1/new/project_reti_logiche_2.vhd" Line 82
Stopped at time : 2250 ns : File "C:/Documenti/GitHub/project_reti_logiche/project/project.srcs/sources_1/new/project_reti_logiche_2.vhd" Line 83
Stopped at time : 2250 ns : File "C:/Documenti/GitHub/project_reti_logiche/project/project.srcs/sources_1/new/project_reti_logiche_2.vhd" Line 84
Stopped at time : 2250 ns : File "C:/Documenti/GitHub/project_reti_logiche/project/project.srcs/sources_1/new/project_reti_logiche_2.vhd" Line 85
Stopped at time : 2250 ns : File "C:/Documenti/GitHub/project_reti_logiche/project/project.srcs/sources_1/new/project_reti_logiche_2.vhd" Line 96
Stopped at time : 2250 ns : File "C:/Documenti/GitHub/project_reti_logiche/project/project.srcs/sources_1/new/project_reti_logiche_2.vhd" Line 97
Stopped at time : 2250 ns : File "C:/Documenti/GitHub/project_reti_logiche/project/project.srcs/sources_1/new/project_reti_logiche_2.vhd" Line 177
Stopped at time : 2250 ns : File "C:/Documenti/GitHub/project_reti_logiche/project/project.srcs/sources_1/new/project_reti_logiche_2.vhd" Line 178
Stopped at time : 2250 ns : File "C:/Documenti/GitHub/project_reti_logiche/project/project.srcs/sources_1/new/project_reti_logiche_2.vhd" Line 179
Stopped at time : 2250 ns : File "C:/Users/Alex/OneDrive - Politecnico di Milano/Università/PoliDesk/Progetto Reti Logiche/tb_pfrl_2020_no_wz.vhd" Line 72
Stopped at time : 2250 ns : File "C:/Users/Alex/OneDrive - Politecnico di Milano/Università/PoliDesk/Progetto Reti Logiche/tb_pfrl_2020_no_wz.vhd" Line 73
Stopped at time : 2250 ns : File "C:/Users/Alex/OneDrive - Politecnico di Milano/Università/PoliDesk/Progetto Reti Logiche/tb_pfrl_2020_no_wz.vhd" Line 101
Stopped at time : 2250 ns : File "C:/Users/Alex/OneDrive - Politecnico di Milano/Università/PoliDesk/Progetto Reti Logiche/tb_pfrl_2020_no_wz.vhd" Line 101
Stopped at time : 2250 ns : File "C:/Users/Alex/OneDrive - Politecnico di Milano/Università/PoliDesk/Progetto Reti Logiche/tb_pfrl_2020_no_wz.vhd" Line 101
Failure: TEST FALLITO. Expected  42  found 0
Time: 2250 ns  Iteration: 2  Process: /project_tb/test  File: C:/Users/Alex/OneDrive - Politecnico di Milano/Università/PoliDesk/Progetto Reti Logiche/tb_pfrl_2020_no_wz.vhd
$finish called at time : 2250 ns : File "C:/Users/Alex/OneDrive - Politecnico di Milano/Università/PoliDesk/Progetto Reti Logiche/tb_pfrl_2020_no_wz.vhd" Line 101
Stopped at time : 2250 ns : File "C:/Users/Alex/OneDrive - Politecnico di Milano/Università/PoliDesk/Progetto Reti Logiche/tb_pfrl_2020_no_wz.vhd" Line 103
Stopped at time : 2250 ns : File "C:/Users/Alex/OneDrive - Politecnico di Milano/Università/PoliDesk/Progetto Reti Logiche/tb_pfrl_2020_no_wz.vhd" Line 103
Stopped at time : 2250 ns : File "C:/Users/Alex/OneDrive - Politecnico di Milano/Università/PoliDesk/Progetto Reti Logiche/tb_pfrl_2020_no_wz.vhd" Line 103
Failure: Simulation Ended!, TEST PASSATO
Time: 2250 ns  Iteration: 2  Process: /project_tb/test  File: C:/Users/Alex/OneDrive - Politecnico di Milano/Università/PoliDesk/Progetto Reti Logiche/tb_pfrl_2020_no_wz.vhd
$finish called at time : 2250 ns : File "C:/Users/Alex/OneDrive - Politecnico di Milano/Università/PoliDesk/Progetto Reti Logiche/tb_pfrl_2020_no_wz.vhd" Line 103
Stopped at time : 2250 ns : File "C:/Users/Alex/OneDrive - Politecnico di Milano/Università/PoliDesk/Progetto Reti Logiche/tb_pfrl_2020_no_wz.vhd" Line 87
