#-----------------------------------------------------------
# Vivado v2018.3 (64-bit)
# SW Build 2405991 on Thu Dec  6 23:38:27 MST 2018
# IP Build 2404404 on Fri Dec  7 01:43:56 MST 2018
# Start of session at: Sun Mar 15 17:30:47 2020
# Process ID: 7124
# Current directory: C:/Documenti/GitHub/project_reti_logiche/project
# Command line: vivado.exe -gui_launcher_event rodinguilauncherevent10844 C:\Documenti\GitHub\project_reti_logiche\project\project.xpr
# Log file: C:/Documenti/GitHub/project_reti_logiche/project/vivado.log
# Journal file: C:/Documenti/GitHub/project_reti_logiche/project\vivado.jou
#-----------------------------------------------------------
start_gui
open_project C:/Documenti/GitHub/project_reti_logiche/project/project.xpr
Scanning sources...
Finished scanning sources
INFO: [IP_Flow 19-234] Refreshing IP repositories
INFO: [IP_Flow 19-1704] No user IP repositories specified
INFO: [IP_Flow 19-2313] Loaded Vivado IP repository 'C:/Xilinx/Vivado/2018.3/data/ip'.
open_project: Time (s): cpu = 00:00:29 ; elapsed = 00:00:12 . Memory (MB): peak = 715.914 ; gain = 119.734
update_compile_order -fileset sources_1
