#-----------------------------------------------------------
# Vivado v2018.3 (64-bit)
# SW Build 2405991 on Thu Dec  6 23:38:27 MST 2018
# IP Build 2404404 on Fri Dec  7 01:43:56 MST 2018
# Start of session at: Thu Mar  5 14:14:57 2020
# Process ID: 6928
# Current directory: C:/Documenti/GitHub/project_reti_logiche/project
# Command line: vivado.exe -gui_launcher_event rodinguilauncherevent6548 C:\Documenti\GitHub\project_reti_logiche\project\project.xpr
# Log file: C:/Documenti/GitHub/project_reti_logiche/project/vivado.log
# Journal file: C:/Documenti/GitHub/project_reti_logiche/project\vivado.jou
#-----------------------------------------------------------
start_gui
open_project C:/Documenti/GitHub/project_reti_logiche/project/project.xpr
INFO: [Project 1-313] Project file moved from 'C:/Users/Alex/OneDrive - Politecnico di Milano/project' since last save.
WARNING: [Project 1-312] File not found as 'C:/Documenti/GitHub/project_reti_logiche/Università/PoliDesk/Progetto Reti Logiche/tb_pfrl_2020_no_wz.vhd'; using path 'C:/Users/Alex/OneDrive - Politecnico di Milano/Università/PoliDesk/Progetto Reti Logiche/tb_pfrl_2020_no_wz.vhd' instead.
WARNING: [Project 1-312] File not found as 'C:/Documenti/GitHub/project_reti_logiche/Università/PoliDesk/Progetto Reti Logiche/tb_pfrl_2020_in_wz.vhd'; using path 'C:/Users/Alex/OneDrive - Politecnico di Milano/Università/PoliDesk/Progetto Reti Logiche/tb_pfrl_2020_in_wz.vhd' instead.
Scanning sources...
Finished scanning sources
INFO: [IP_Flow 19-234] Refreshing IP repositories
INFO: [IP_Flow 19-1704] No user IP repositories specified
INFO: [IP_Flow 19-2313] Loaded Vivado IP repository 'C:/Xilinx/Vivado/2018.3/data/ip'.
open_project: Time (s): cpu = 00:00:22 ; elapsed = 00:00:10 . Memory (MB): peak = 692.340 ; gain = 107.754
update_compile_order -fileset sources_1
reset_run synth_1
launch_runs synth_1 -jobs 2
CRITICAL WARNING: [HDL 9-806] Syntax error near "'". [C:/Documenti/GitHub/project_reti_logiche/project/project.srcs/sources_1/new/project_reti_logiche.vhd:107]
[Thu Mar  5 15:31:14 2020] Launched synth_1...
Run output will be captured here: C:/Documenti/GitHub/project_reti_logiche/project/project.runs/synth_1/runme.log
exit
INFO: [Common 17-206] Exiting Vivado at Thu Mar  5 16:56:48 2020...
